{"/Users/jamiesear/Desktop/FutureProof/lap-2/Learn/reduxTest/redux/src/App.js": {"path":"/Users/jamiesear/Desktop/FutureProof/lap-2/Learn/reduxTest/redux/src/App.js","statementMap":{"0":{"start":{"line":10,"column":4},"end":{"line":20,"column":6}},"1":{"start":{"line":13,"column":49},"end":{"line":13,"column":78}}},"fnMap":{"0":{"name":"(anonymous_0)","decl":{"start":{"line":9,"column":2},"end":{"line":9,"column":3}},"loc":{"start":{"line":9,"column":10},"end":{"line":21,"column":3}},"line":9},"1":{"name":"(anonymous_1)","decl":{"start":{"line":13,"column":43},"end":{"line":13,"column":44}},"loc":{"start":{"line":13,"column":49},"end":{"line":13,"column":78}},"line":13}},"branchMap":{},"s":{"0":1,"1":0},"f":{"0":1,"1":0},"b":{},"_coverageSchema":"1a1c01bbd47fc00a2c39e90264f33305004495a9","hash":"ca2a8a4f7baec4cd166a64e9ccca6277bdff9700"}
,"/Users/jamiesear/Desktop/FutureProof/lap-2/Learn/reduxTest/redux/src/containers/counter.js": {"path":"/Users/jamiesear/Desktop/FutureProof/lap-2/Learn/reduxTest/redux/src/containers/counter.js","statementMap":{"0":{"start":{"line":5,"column":12},"end":{"line":7,"column":5}},"1":{"start":{"line":9,"column":22},"end":{"line":9,"column":71}},"2":{"start":{"line":9,"column":27},"end":{"line":9,"column":71}},"3":{"start":{"line":11,"column":23},"end":{"line":11,"column":72}},"4":{"start":{"line":11,"column":28},"end":{"line":11,"column":72}},"5":{"start":{"line":14,"column":8},"end":{"line":20,"column":9}}},"fnMap":{"0":{"name":"(anonymous_0)","decl":{"start":{"line":9,"column":22},"end":{"line":9,"column":23}},"loc":{"start":{"line":9,"column":27},"end":{"line":9,"column":71}},"line":9},"1":{"name":"(anonymous_1)","decl":{"start":{"line":11,"column":23},"end":{"line":11,"column":24}},"loc":{"start":{"line":11,"column":28},"end":{"line":11,"column":72}},"line":11},"2":{"name":"(anonymous_2)","decl":{"start":{"line":13,"column":4},"end":{"line":13,"column":5}},"loc":{"start":{"line":13,"column":13},"end":{"line":22,"column":5}},"line":13}},"branchMap":{},"s":{"0":3,"1":3,"2":1,"3":3,"4":1,"5":5},"f":{"0":1,"1":1,"2":5},"b":{},"_coverageSchema":"1a1c01bbd47fc00a2c39e90264f33305004495a9","hash":"c1ebe05b50d64c442d44d24e0344c50bc243e7d0"}
,"/Users/jamiesear/Desktop/FutureProof/lap-2/Learn/reduxTest/redux/src/containers/things.js": {"path":"/Users/jamiesear/Desktop/FutureProof/lap-2/Learn/reduxTest/redux/src/containers/things.js","statementMap":{"0":{"start":{"line":6,"column":12},"end":{"line":6,"column":29}},"1":{"start":{"line":8,"column":19},"end":{"line":8,"column":68}},"2":{"start":{"line":8,"column":24},"end":{"line":8,"column":68}},"3":{"start":{"line":10,"column":17},"end":{"line":14,"column":5}},"4":{"start":{"line":11,"column":8},"end":{"line":11,"column":27}},"5":{"start":{"line":12,"column":8},"end":{"line":12,"column":48}},"6":{"start":{"line":13,"column":8},"end":{"line":13,"column":39}},"7":{"start":{"line":17,"column":29},"end":{"line":17,"column":83}},"8":{"start":{"line":17,"column":61},"end":{"line":17,"column":82}},"9":{"start":{"line":19,"column":4},"end":{"line":30,"column":5}},"10":{"start":{"line":34,"column":24},"end":{"line":36,"column":2}},"11":{"start":{"line":34,"column":34},"end":{"line":36,"column":1}},"12":{"start":{"line":38,"column":28},"end":{"line":40,"column":2}},"13":{"start":{"line":38,"column":40},"end":{"line":40,"column":1}},"14":{"start":{"line":39,"column":21},"end":{"line":39,"column":68}}},"fnMap":{"0":{"name":"(anonymous_0)","decl":{"start":{"line":8,"column":19},"end":{"line":8,"column":20}},"loc":{"start":{"line":8,"column":24},"end":{"line":8,"column":68}},"line":8},"1":{"name":"(anonymous_1)","decl":{"start":{"line":10,"column":17},"end":{"line":10,"column":18}},"loc":{"start":{"line":10,"column":23},"end":{"line":14,"column":5}},"line":10},"2":{"name":"(anonymous_2)","decl":{"start":{"line":16,"column":4},"end":{"line":16,"column":5}},"loc":{"start":{"line":16,"column":13},"end":{"line":31,"column":5}},"line":16},"3":{"name":"(anonymous_3)","decl":{"start":{"line":17,"column":51},"end":{"line":17,"column":52}},"loc":{"start":{"line":17,"column":61},"end":{"line":17,"column":82}},"line":17},"4":{"name":"(anonymous_4)","decl":{"start":{"line":34,"column":24},"end":{"line":34,"column":25}},"loc":{"start":{"line":34,"column":34},"end":{"line":36,"column":1}},"line":34},"5":{"name":"(anonymous_5)","decl":{"start":{"line":38,"column":28},"end":{"line":38,"column":29}},"loc":{"start":{"line":38,"column":40},"end":{"line":40,"column":1}},"line":38},"6":{"name":"(anonymous_6)","decl":{"start":{"line":39,"column":12},"end":{"line":39,"column":13}},"loc":{"start":{"line":39,"column":21},"end":{"line":39,"column":68}},"line":39}},"branchMap":{},"s":{"0":3,"1":3,"2":1,"3":3,"4":0,"5":0,"6":0,"7":4,"8":12,"9":4,"10":2,"11":0,"12":2,"13":0,"14":0},"f":{"0":1,"1":0,"2":4,"3":12,"4":0,"5":0,"6":0},"b":{},"_coverageSchema":"1a1c01bbd47fc00a2c39e90264f33305004495a9","hash":"cec3c5657a83751dbf3eebe165d635000101c2d3"}
}
