TN:
SF:src/App.js
FN:9,(anonymous_0)
FN:13,(anonymous_1)
FNF:2
FNH:1
FNDA:1,(anonymous_0)
FNDA:0,(anonymous_1)
DA:10,1
DA:13,0
LF:2
LH:1
BRF:0
BRH:0
end_of_record
TN:
SF:src/containers/counter.js
FN:9,(anonymous_0)
FN:11,(anonymous_1)
FN:13,(anonymous_2)
FNF:3
FNH:3
FNDA:1,(anonymous_0)
FNDA:1,(anonymous_1)
FNDA:5,(anonymous_2)
DA:5,3
DA:9,3
DA:11,3
DA:14,5
LF:4
LH:4
BRF:0
BRH:0
end_of_record
TN:
SF:src/containers/things.js
FN:8,(anonymous_0)
FN:10,(anonymous_1)
FN:16,(anonymous_2)
FN:17,(anonymous_3)
FN:34,(anonymous_4)
FN:38,(anonymous_5)
FN:39,(anonymous_6)
FNF:7
FNH:3
FNDA:1,(anonymous_0)
FNDA:0,(anonymous_1)
FNDA:4,(anonymous_2)
FNDA:12,(anonymous_3)
FNDA:0,(anonymous_4)
FNDA:0,(anonymous_5)
FNDA:0,(anonymous_6)
DA:6,3
DA:8,3
DA:10,3
DA:11,0
DA:12,0
DA:13,0
DA:17,12
DA:19,4
DA:34,2
DA:38,2
DA:39,0
LF:11
LH:7
BRF:0
BRH:0
end_of_record
